<?xml version="1.0" encoding="UTF-8" ?>
<testsuite tests="1" failures="0" name="auction.service.ItemFromBidTest" time="0.03" errors="1" skipped="0">
  <properties>
    <property name="java.runtime.name" value="Java(TM) SE Runtime Environment"/>
    <property name="sun.boot.library.path" value="C:\Program Files\Java\jdk1.8.0_101\jre\bin"/>
    <property name="java.vm.version" value="25.101-b13"/>
    <property name="user.country.format" value="GB"/>
    <property name="java.vm.vendor" value="Oracle Corporation"/>
    <property name="java.vendor.url" value="http://java.oracle.com/"/>
    <property name="path.separator" value=";"/>
    <property name="guice.disable.misplaced.annotation.check" value="true"/>
    <property name="java.vm.name" value="Java HotSpot(TM) 64-Bit Server VM"/>
    <property name="file.encoding.pkg" value="sun.io"/>
    <property name="user.script" value=""/>
    <property name="user.country" value="NL"/>
    <property name="sun.java.launcher" value="SUN_STANDARD"/>
    <property name="sun.os.patch.level" value=""/>
    <property name="java.vm.specification.name" value="Java Virtual Machine Specification"/>
    <property name="user.dir" value="C:\Users\Merik\Documents\SE42-S44_Robin_-_Merik\Assignment 5\auction"/>
    <property name="java.runtime.version" value="1.8.0_101-b13"/>
    <property name="java.awt.graphicsenv" value="sun.awt.Win32GraphicsEnvironment"/>
    <property name="java.endorsed.dirs" value="C:\Program Files\Java\jdk1.8.0_101\jre\lib\endorsed"/>
    <property name="os.arch" value="amd64"/>
    <property name="java.io.tmpdir" value="C:\Users\Merik\AppData\Local\Temp\"/>
    <property name="line.separator" value="
"/>
    <property name="java.vm.specification.vendor" value="Oracle Corporation"/>
    <property name="user.variant" value=""/>
    <property name="os.name" value="Windows 10"/>
    <property name="maven.ext.class.path" value="C:\Program Files\NetBeans 8.1\java\maven-nblib\netbeans-eventspy.jar"/>
    <property name="classworlds.conf" value="C:\Program Files\NetBeans 8.1\java\maven\bin\m2.conf"/>
    <property name="sun.jnu.encoding" value="Cp1252"/>
    <property name="java.library.path" value="C:\Program Files\Java\jdk1.8.0_101\bin;C:\WINDOWS\Sun\Java\bin;C:\WINDOWS\system32;C:\WINDOWS;C:\oraclexe\app\oracle\product\11.2.0\server\bin;;C:\ProgramData\Oracle\Java\javapath;C:\Program Files (x86)\Intel\iCLS Client\;C:\Program Files\Intel\iCLS Client\;C:\Windows\system32;C:\Windows;C:\Windows\System32\Wbem;C:\Windows\System32\WindowsPowerShell\v1.0\;C:\Program Files (x86)\Intel\Intel(R) Management Engine Components\DAL;C:\Program Files\Intel\Intel(R) Management Engine Components\DAL;C:\Program Files (x86)\Intel\Intel(R) Management Engine Components\IPT;C:\Program Files\Intel\Intel(R) Management Engine Components\IPT;C:\Users\Merik\.dnx\bin;C:\Program Files\Microsoft DNX\Dnvm\;C:\Program Files\Microsoft SQL Server\130\Tools\Binn\;C:\Program Files\Git\cmd;C:\Program Files (x86)\PuTTY\;C:\Program Files\MySQL\MySQL Utilities 1.6\;C:\WINDOWS\system32;C:\WINDOWS;C:\WINDOWS\System32\Wbem;C:\WINDOWS\System32\WindowsPowerShell\v1.0\;C:\Program Files (x86)\NVIDIA Corporation\PhysX\Common;C:\Program Files (x86)\GtkSharp\2.12\bin;C:\Program Files (x86)\Skype\Phone\;C:\Program Files\Intel\WiFi\bin\;C:\Program Files\Common Files\Intel\WirelessCommon\;C:\Users\Merik\AppData\Local\Microsoft\WindowsApps;C:\Users\Merik\AppData\Local\atom\bin;."/>
    <property name="java.specification.name" value="Java Platform API Specification"/>
    <property name="java.class.version" value="52.0"/>
    <property name="sun.management.compiler" value="HotSpot 64-Bit Tiered Compilers"/>
    <property name="os.version" value="10.0"/>
    <property name="user.home" value="C:\Users\Merik"/>
    <property name="user.timezone" value="Europe/Berlin"/>
    <property name="java.awt.printerjob" value="sun.awt.windows.WPrinterJob"/>
    <property name="java.specification.version" value="1.8"/>
    <property name="file.encoding" value="UTF-8"/>
    <property name="user.name" value="Merik"/>
    <property name="java.class.path" value="C:\Program Files\NetBeans 8.1\java\maven\boot\plexus-classworlds-2.4.jar"/>
    <property name="java.vm.specification.version" value="1.8"/>
    <property name="sun.arch.data.model" value="64"/>
    <property name="java.home" value="C:\Program Files\Java\jdk1.8.0_101\jre"/>
    <property name="sun.java.command" value="org.codehaus.plexus.classworlds.launcher.Launcher -Dmaven.ext.class.path=C:\Program Files\NetBeans 8.1\java\maven-nblib\netbeans-eventspy.jar -Dfile.encoding=UTF-8 install"/>
    <property name="java.specification.vendor" value="Oracle Corporation"/>
    <property name="user.language" value="nl"/>
    <property name="user.language.format" value="en"/>
    <property name="awt.toolkit" value="sun.awt.windows.WToolkit"/>
    <property name="java.vm.info" value="mixed mode"/>
    <property name="java.version" value="1.8.0_101"/>
    <property name="java.ext.dirs" value="C:\Program Files\Java\jdk1.8.0_101\jre\lib\ext;C:\WINDOWS\Sun\Java\lib\ext"/>
    <property name="sun.boot.class.path" value="C:\Program Files\Java\jdk1.8.0_101\jre\lib\resources.jar;C:\Program Files\Java\jdk1.8.0_101\jre\lib\rt.jar;C:\Program Files\Java\jdk1.8.0_101\jre\lib\sunrsasign.jar;C:\Program Files\Java\jdk1.8.0_101\jre\lib\jsse.jar;C:\Program Files\Java\jdk1.8.0_101\jre\lib\jce.jar;C:\Program Files\Java\jdk1.8.0_101\jre\lib\charsets.jar;C:\Program Files\Java\jdk1.8.0_101\jre\lib\jfr.jar;C:\Program Files\Java\jdk1.8.0_101\jre\classes"/>
    <property name="java.vendor" value="Oracle Corporation"/>
    <property name="maven.home" value="C:\Program Files\NetBeans 8.1\java\maven"/>
    <property name="file.separator" value="\"/>
    <property name="java.vendor.url.bug" value="http://bugreport.sun.com/bugreport/"/>
    <property name="sun.cpu.endian" value="little"/>
    <property name="sun.io.unicode.encoding" value="UnicodeLittle"/>
    <property name="sun.desktop" value="windows"/>
    <property name="sun.cpu.isalist" value="amd64"/>
  </properties>
  <testcase classname="auction.service.ItemFromBidTest" name="testRelationBetweenBidAndItem" time="0.029">
    <error message="Exception [EclipseLink-4002] (Eclipse Persistence Services - 2.5.2.v20140319-9ad6abd): org.eclipse.persistence.exceptions.DatabaseException
Internal Exception: com.mysql.cj.jdbc.exceptions.CommunicationsException: Communications link failure

The last packet sent successfully to the server was 0 milliseconds ago. The driver has not received any packets from the server.
Error Code: 0" type="javax.persistence.PersistenceException">javax.persistence.PersistenceException: Exception [EclipseLink-4002] (Eclipse Persistence Services - 2.5.2.v20140319-9ad6abd): org.eclipse.persistence.exceptions.DatabaseException
Internal Exception: com.mysql.cj.jdbc.exceptions.CommunicationsException: Communications link failure

The last packet sent successfully to the server was 0 milliseconds ago. The driver has not received any packets from the server.
Error Code: 0
	at org.eclipse.persistence.internal.jpa.EntityManagerSetupImpl.deploy(EntityManagerSetupImpl.java:766)
	at org.eclipse.persistence.internal.jpa.EntityManagerFactoryDelegate.getAbstractSession(EntityManagerFactoryDelegate.java:204)
	at org.eclipse.persistence.internal.jpa.EntityManagerFactoryDelegate.getDatabaseSession(EntityManagerFactoryDelegate.java:182)
	at org.eclipse.persistence.internal.jpa.EntityManagerFactoryImpl.getDatabaseSession(EntityManagerFactoryImpl.java:527)
	at org.eclipse.persistence.jpa.PersistenceProvider.createEntityManagerFactoryImpl(PersistenceProvider.java:140)
	at org.eclipse.persistence.jpa.PersistenceProvider.createEntityManagerFactory(PersistenceProvider.java:177)
	at javax.persistence.Persistence.createEntityManagerFactory(Persistence.java:79)
	at javax.persistence.Persistence.createEntityManagerFactory(Persistence.java:54)
	at auction.service.ItemFromBidTest.setUp(ItemFromBidTest.java:37)
	at sun.reflect.NativeMethodAccessorImpl.invoke0(Native Method)
	at sun.reflect.NativeMethodAccessorImpl.invoke(NativeMethodAccessorImpl.java:62)
	at sun.reflect.DelegatingMethodAccessorImpl.invoke(DelegatingMethodAccessorImpl.java:43)
	at java.lang.reflect.Method.invoke(Method.java:498)
	at org.junit.runners.model.FrameworkMethod$1.runReflectiveCall(FrameworkMethod.java:50)
	at org.junit.internal.runners.model.ReflectiveCallable.run(ReflectiveCallable.java:12)
	at org.junit.runners.model.FrameworkMethod.invokeExplosively(FrameworkMethod.java:47)
	at org.junit.internal.runners.statements.RunBefores.evaluate(RunBefores.java:24)
	at org.junit.runners.ParentRunner.runLeaf(ParentRunner.java:325)
	at org.junit.runners.BlockJUnit4ClassRunner.runChild(BlockJUnit4ClassRunner.java:78)
	at org.junit.runners.BlockJUnit4ClassRunner.runChild(BlockJUnit4ClassRunner.java:57)
	at org.junit.runners.ParentRunner$3.run(ParentRunner.java:290)
	at org.junit.runners.ParentRunner$1.schedule(ParentRunner.java:71)
	at org.junit.runners.ParentRunner.runChildren(ParentRunner.java:288)
	at org.junit.runners.ParentRunner.access$000(ParentRunner.java:58)
	at org.junit.runners.ParentRunner$2.evaluate(ParentRunner.java:268)
	at org.junit.runners.ParentRunner.run(ParentRunner.java:363)
	at org.apache.maven.surefire.junit4.JUnit4TestSet.execute(JUnit4TestSet.java:53)
	at org.apache.maven.surefire.junit4.JUnit4Provider.executeTestSet(JUnit4Provider.java:123)
	at org.apache.maven.surefire.junit4.JUnit4Provider.invoke(JUnit4Provider.java:104)
	at sun.reflect.NativeMethodAccessorImpl.invoke0(Native Method)
	at sun.reflect.NativeMethodAccessorImpl.invoke(NativeMethodAccessorImpl.java:62)
	at sun.reflect.DelegatingMethodAccessorImpl.invoke(DelegatingMethodAccessorImpl.java:43)
	at java.lang.reflect.Method.invoke(Method.java:498)
	at org.apache.maven.surefire.util.ReflectionUtils.invokeMethodWithArray(ReflectionUtils.java:164)
	at org.apache.maven.surefire.booter.ProviderFactory$ProviderProxy.invoke(ProviderFactory.java:110)
	at org.apache.maven.surefire.booter.SurefireStarter.invokeProvider(SurefireStarter.java:175)
	at org.apache.maven.surefire.booter.SurefireStarter.runSuitesInProcessWhenForked(SurefireStarter.java:107)
	at org.apache.maven.surefire.booter.ForkedBooter.main(ForkedBooter.java:68)
Caused by: Exception [EclipseLink-4002] (Eclipse Persistence Services - 2.5.2.v20140319-9ad6abd): org.eclipse.persistence.exceptions.DatabaseException
Internal Exception: com.mysql.cj.jdbc.exceptions.CommunicationsException: Communications link failure

The last packet sent successfully to the server was 0 milliseconds ago. The driver has not received any packets from the server.
Error Code: 0
	at org.eclipse.persistence.exceptions.DatabaseException.sqlException(DatabaseException.java:331)
	at org.eclipse.persistence.exceptions.DatabaseException.sqlException(DatabaseException.java:326)
	at org.eclipse.persistence.sessions.DefaultConnector.connect(DefaultConnector.java:138)
	at org.eclipse.persistence.sessions.DatasourceLogin.connectToDatasource(DatasourceLogin.java:162)
	at org.eclipse.persistence.internal.sessions.DatabaseSessionImpl.setOrDetectDatasource(DatabaseSessionImpl.java:204)
	at org.eclipse.persistence.internal.sessions.DatabaseSessionImpl.loginAndDetectDatasource(DatabaseSessionImpl.java:741)
	at org.eclipse.persistence.internal.jpa.EntityManagerFactoryProvider.login(EntityManagerFactoryProvider.java:239)
	at org.eclipse.persistence.internal.jpa.EntityManagerSetupImpl.deploy(EntityManagerSetupImpl.java:685)
	... 37 more
Caused by: com.mysql.cj.jdbc.exceptions.CommunicationsException: Communications link failure

The last packet sent successfully to the server was 0 milliseconds ago. The driver has not received any packets from the server.
	at com.mysql.cj.jdbc.exceptions.SQLError.createCommunicationsException(SQLError.java:590)
	at com.mysql.cj.jdbc.exceptions.SQLExceptionsMapping.translateException(SQLExceptionsMapping.java:57)
	at com.mysql.cj.jdbc.ConnectionImpl.createNewIO(ConnectionImpl.java:1606)
	at com.mysql.cj.jdbc.ConnectionImpl.&lt;init&gt;(ConnectionImpl.java:633)
	at com.mysql.cj.jdbc.ConnectionImpl.getInstance(ConnectionImpl.java:347)
	at com.mysql.cj.jdbc.NonRegisteringDriver.connect(NonRegisteringDriver.java:219)
	at java.sql.DriverManager.getConnection(DriverManager.java:664)
	at java.sql.DriverManager.getConnection(DriverManager.java:208)
	at org.eclipse.persistence.sessions.DefaultConnector.connect(DefaultConnector.java:98)
	... 42 more
Caused by: com.mysql.cj.core.exceptions.CJCommunicationsException: Communications link failure

The last packet sent successfully to the server was 0 milliseconds ago. The driver has not received any packets from the server.
	at sun.reflect.NativeConstructorAccessorImpl.newInstance0(Native Method)
	at sun.reflect.NativeConstructorAccessorImpl.newInstance(NativeConstructorAccessorImpl.java:62)
	at sun.reflect.DelegatingConstructorAccessorImpl.newInstance(DelegatingConstructorAccessorImpl.java:45)
	at java.lang.reflect.Constructor.newInstance(Constructor.java:423)
	at com.mysql.cj.core.exceptions.ExceptionFactory.createException(ExceptionFactory.java:54)
	at com.mysql.cj.core.exceptions.ExceptionFactory.createException(ExceptionFactory.java:93)
	at com.mysql.cj.core.exceptions.ExceptionFactory.createException(ExceptionFactory.java:133)
	at com.mysql.cj.core.exceptions.ExceptionFactory.createCommunicationsException(ExceptionFactory.java:149)
	at com.mysql.cj.mysqla.io.MysqlaSocketConnection.connect(MysqlaSocketConnection.java:83)
	at com.mysql.cj.mysqla.MysqlaSession.connect(MysqlaSession.java:122)
	at com.mysql.cj.jdbc.ConnectionImpl.connectOneTryOnly(ConnectionImpl.java:1726)
	at com.mysql.cj.jdbc.ConnectionImpl.createNewIO(ConnectionImpl.java:1596)
	... 48 more
Caused by: java.net.UnknownHostException: studmysql01.fhict.local
	at java.net.InetAddress.getAllByName0(InetAddress.java:1280)
	at java.net.InetAddress.getAllByName(InetAddress.java:1192)
	at java.net.InetAddress.getAllByName(InetAddress.java:1126)
	at com.mysql.cj.core.io.StandardSocketFactory.connect(StandardSocketFactory.java:179)
	at com.mysql.cj.mysqla.io.MysqlaSocketConnection.connect(MysqlaSocketConnection.java:57)
	... 51 more
</error>
    <system-out>[EL Config]: metadata: 2017-05-18 10:33:44.48--ServerSession(1202790087)--Thread(Thread[main,5,main])--The access type for the persistent class [class auction.domain.Bid] is set to [FIELD].
[EL Config]: metadata: 2017-05-18 10:33:44.481--ServerSession(1202790087)--Thread(Thread[main,5,main])--The target entity (reference) class for the one to one mapping element [field item] is being defaulted to: class auction.domain.Item.
[EL Config]: metadata: 2017-05-18 10:33:44.483--ServerSession(1202790087)--Thread(Thread[main,5,main])--The target entity (reference) class for the many to one mapping element [field buyer] is being defaulted to: class auction.domain.User.
[EL Config]: metadata: 2017-05-18 10:33:44.483--ServerSession(1202790087)--Thread(Thread[main,5,main])--The access type for the persistent class [class auction.domain.Item] is set to [FIELD].
[EL Config]: metadata: 2017-05-18 10:33:44.483--ServerSession(1202790087)--Thread(Thread[main,5,main])--The target entity (reference) class for the many to one mapping element [field seller] is being defaulted to: class auction.domain.User.
[EL Config]: metadata: 2017-05-18 10:33:44.484--ServerSession(1202790087)--Thread(Thread[main,5,main])--The target entity (reference) class for the one to one mapping element [field highest] is being defaulted to: class auction.domain.Bid.
[EL Config]: metadata: 2017-05-18 10:33:44.485--ServerSession(1202790087)--Thread(Thread[main,5,main])--The access type for the persistent class [class auction.domain.User] is set to [FIELD].
[EL Config]: metadata: 2017-05-18 10:33:44.486--ServerSession(1202790087)--Thread(Thread[main,5,main])--The target entity (reference) class for the one to many mapping element [field offeredItems] is being defaulted to: class auction.domain.Item.
[EL Config]: metadata: 2017-05-18 10:33:44.487--ServerSession(1202790087)--Thread(Thread[main,5,main])--The access type for the persistent class [class auction.domain.Painting] is set to [FIELD].
[EL Config]: metadata: 2017-05-18 10:33:44.487--ServerSession(1202790087)--Thread(Thread[main,5,main])--The access type for the persistent class [class auction.domain.Furniture] is set to [FIELD].
[EL Config]: metadata: 2017-05-18 10:33:44.487--ServerSession(1202790087)--Thread(Thread[main,5,main])--The access type for the persistent class [class nl.fontys.util.Money] is set to [FIELD].
[EL Config]: metadata: 2017-05-18 10:33:44.487--ServerSession(1202790087)--Thread(Thread[main,5,main])--The access type for the persistent class [class nl.fontys.util.FontysTime] is set to [FIELD].
[EL Config]: metadata: 2017-05-18 10:33:44.488--ServerSession(1202790087)--Thread(Thread[main,5,main])--The access type for the persistent class [class auction.domain.Category] is set to [FIELD].
[EL Config]: metadata: 2017-05-18 10:33:44.488--ServerSession(1202790087)--Thread(Thread[main,5,main])--The alias name for the entity class [class auction.domain.Bid] is being defaulted to: Bid.
[EL Config]: metadata: 2017-05-18 10:33:44.488--ServerSession(1202790087)--Thread(Thread[main,5,main])--The table name for entity [class auction.domain.Bid] is being defaulted to: BID.
[EL Config]: metadata: 2017-05-18 10:33:44.489--ServerSession(1202790087)--Thread(Thread[main,5,main])--The column name for element [cents] is being defaulted to: CENTS.
[EL Config]: metadata: 2017-05-18 10:33:44.489--ServerSession(1202790087)--Thread(Thread[main,5,main])--The column name for element [currency] is being defaulted to: CURRENCY.
[EL Config]: metadata: 2017-05-18 10:33:44.489--ServerSession(1202790087)--Thread(Thread[main,5,main])--The column name for element [id] is being defaulted to: ID.
[EL Config]: metadata: 2017-05-18 10:33:44.49--ServerSession(1202790087)--Thread(Thread[main,5,main])--The column name for element [seconds] is being defaulted to: SECONDS.
[EL Config]: metadata: 2017-05-18 10:33:44.49--ServerSession(1202790087)--Thread(Thread[main,5,main])--The alias name for the entity class [class auction.domain.Item] is being defaulted to: Item.
[EL Config]: metadata: 2017-05-18 10:33:44.49--ServerSession(1202790087)--Thread(Thread[main,5,main])--The table name for entity [class auction.domain.Item] is being defaulted to: ITEM.
[EL Config]: metadata: 2017-05-18 10:33:44.49--ServerSession(1202790087)--Thread(Thread[main,5,main])--The discriminator column name for the root inheritance class [auction.domain.Item] is being defaulted to: DTYPE.
[EL Config]: metadata: 2017-05-18 10:33:44.491--ServerSession(1202790087)--Thread(Thread[main,5,main])--The column name for element [description] is being defaulted to: DESCRIPTION.
[EL Config]: metadata: 2017-05-18 10:33:44.491--ServerSession(1202790087)--Thread(Thread[main,5,main])--The column name for element [id] is being defaulted to: ID.
[EL Config]: metadata: 2017-05-18 10:33:44.491--ServerSession(1202790087)--Thread(Thread[main,5,main])--The column name for element [description] is being defaulted to: DESCRIPTION.
[EL Config]: metadata: 2017-05-18 10:33:44.491--ServerSession(1202790087)--Thread(Thread[main,5,main])--The alias name for the entity class [class auction.domain.User] is being defaulted to: User.
[EL Config]: metadata: 2017-05-18 10:33:44.492--ServerSession(1202790087)--Thread(Thread[main,5,main])--The column name for element [id] is being defaulted to: ID.
[EL Config]: metadata: 2017-05-18 10:33:44.492--ServerSession(1202790087)--Thread(Thread[main,5,main])--The column name for element [email] is being defaulted to: EMAIL.
[EL Config]: metadata: 2017-05-18 10:33:44.492--ServerSession(1202790087)--Thread(Thread[main,5,main])--The alias name for the entity class [class auction.domain.Painting] is being defaulted to: Painting.
[EL Config]: metadata: 2017-05-18 10:33:44.492--ServerSession(1202790087)--Thread(Thread[main,5,main])--The table name for entity [class auction.domain.Painting] is being defaulted to: PAINTING.
[EL Config]: metadata: 2017-05-18 10:33:44.493--ServerSession(1202790087)--Thread(Thread[main,5,main])--The primary key column name for the inheritance class [class auction.domain.Painting] is being defaulted to: ID.
[EL Config]: metadata: 2017-05-18 10:33:44.493--ServerSession(1202790087)--Thread(Thread[main,5,main])--The foreign key column name for the inheritance class [auction.domain.Painting] is being defaulted to: ID.
[EL Config]: metadata: 2017-05-18 10:33:44.493--ServerSession(1202790087)--Thread(Thread[main,5,main])--The column name for element [painter] is being defaulted to: PAINTER.
[EL Config]: metadata: 2017-05-18 10:33:44.494--ServerSession(1202790087)--Thread(Thread[main,5,main])--The column name for element [title] is being defaulted to: TITLE.
[EL Config]: metadata: 2017-05-18 10:33:44.494--ServerSession(1202790087)--Thread(Thread[main,5,main])--The alias name for the entity class [class auction.domain.Furniture] is being defaulted to: Furniture.
[EL Config]: metadata: 2017-05-18 10:33:44.494--ServerSession(1202790087)--Thread(Thread[main,5,main])--The table name for entity [class auction.domain.Furniture] is being defaulted to: FURNITURE.
[EL Config]: metadata: 2017-05-18 10:33:44.494--ServerSession(1202790087)--Thread(Thread[main,5,main])--The primary key column name for the inheritance class [class auction.domain.Furniture] is being defaulted to: ID.
[EL Config]: metadata: 2017-05-18 10:33:44.495--ServerSession(1202790087)--Thread(Thread[main,5,main])--The foreign key column name for the inheritance class [auction.domain.Furniture] is being defaulted to: ID.
[EL Config]: metadata: 2017-05-18 10:33:44.495--ServerSession(1202790087)--Thread(Thread[main,5,main])--The column name for element [material] is being defaulted to: MATERIAL.
[EL Config]: metadata: 2017-05-18 10:33:44.495--ServerSession(1202790087)--Thread(Thread[main,5,main])--The primary key column name for the mapping element [field buyer] is being defaulted to: ID.
[EL Config]: metadata: 2017-05-18 10:33:44.496--ServerSession(1202790087)--Thread(Thread[main,5,main])--The foreign key column name for the mapping element [buyer] is being defaulted to: BUYER_ID.
[EL Config]: metadata: 2017-05-18 10:33:44.496--ServerSession(1202790087)--Thread(Thread[main,5,main])--The primary key column name for the mapping element [field seller] is being defaulted to: ID.
[EL Config]: metadata: 2017-05-18 10:33:44.496--ServerSession(1202790087)--Thread(Thread[main,5,main])--The foreign key column name for the mapping element [seller] is being defaulted to: SELLER_ID.
[EL Config]: metadata: 2017-05-18 10:33:44.496--ServerSession(1202790087)--Thread(Thread[main,5,main])--The primary key column name for the mapping element [field highest] is being defaulted to: ID.
[EL Config]: metadata: 2017-05-18 10:33:44.496--ServerSession(1202790087)--Thread(Thread[main,5,main])--The foreign key column name for the mapping element [highest] is being defaulted to: HIGHEST_ID.
[EL Info]: 2017-05-18 10:33:44.5--ServerSession(1202790087)--Thread(Thread[main,5,main])--EclipseLink, version: Eclipse Persistence Services - 2.5.2.v20140319-9ad6abd
[EL Severe]: ejb: 2017-05-18 10:33:44.502--ServerSession(1202790087)--Thread(Thread[main,5,main])--Exception [EclipseLink-4002] (Eclipse Persistence Services - 2.5.2.v20140319-9ad6abd): org.eclipse.persistence.exceptions.DatabaseException
Internal Exception: com.mysql.cj.jdbc.exceptions.CommunicationsException: Communications link failure

The last packet sent successfully to the server was 0 milliseconds ago. The driver has not received any packets from the server.
Error Code: 0
</system-out>
  </testcase>
</testsuite>